#
# A fatal error has been detected by the Java Runtime Environment:
#
#  EXCEPTION_ACCESS_VIOLATION (0xc0000005) at pc=0x0000000064d5315f, pid=8556, tid=788
#
# JRE version: Java(TM) SE Runtime Environment (7.0_79-b15) (build 1.7.0_79-b15)
# Java VM: Java HotSpot(TM) 64-Bit Server VM (24.79-b02 mixed mode windows-amd64 compressed oops)
# Problematic frame:
# V  [jvm.dll+0xa315f]
#
# Failed to write core dump. Minidumps are not enabled by default on client versions of Windows
#
# If you would like to submit a bug report, please visit:
#   http://bugreport.java.com/bugreport/crash.jsp
#

---------------  T H R E A D  ---------------

Current thread (0x000000000d242000):  JavaThread "AWT-EventQueue-0" [_thread_in_vm, id=788, stack(0x000000000eaa0000,0x000000000eba0000)]

siginfo: ExceptionCode=0xc0000005, reading address 0xffffffffffffffff

Registers:
RAX=0x000000000d0cbc10, RBX=0x000000000d0cbc10, RCX=0x8000000000000000, RDX=0x000000000d0cbbf0
RSP=0x000000000eb9cde0, RBP=0x000000000d242000, RSI=0x0000000000000202, RDI=0x0000000000000000
R8 =0x000000000d0cbbe8, R9 =0x8000000000000000, R10=0x000000000000000c, R11=0x000000000eb9cec8
R12=0x0000000000000001, R13=0x000000000eb9d000, R14=0x000000000b024610, R15=0x000000000b05f7a0
RIP=0x0000000064d5315f, EFLAGS=0x0000000000010202

Top of Stack: (sp=0x000000000eb9cde0)
0x000000000eb9cde0:   000000000d242000 0000000064e9cf9f
0x000000000eb9cdf0:   000000000e6c3d40 000000000d2421e8
0x000000000eb9ce00:   000000000d2c2b30 0000000000000000
0x000000000eb9ce10:   000004cc7df88344 0000000064e81a95
0x000000000eb9ce20:   000000000d242000 000000000e6c45b0
0x000000000eb9ce30:   000000000b05f7a0 000000000b024610
0x000000000eb9ce40:   000000000d0cbbd8 000000000d0cbb98
0x000000000eb9ce50:   0000000000000027 000000000d242000
0x000000000eb9ce60:   000000000eb9d000 0000000064d53cba
0x000000000eb9ce70:   000000000d242000 000000000d0cbbf0
0x000000000eb9ce80:   000000000d0cbbd8 0000000000000000
0x000000000eb9ce90:   000000000d0cbbe8 0000000064d87901
0x000000000eb9cea0:   000000000d242000 0000000000000027
0x000000000eb9ceb0:   000000000d0cbbf0 0000000000000000
0x000000000eb9cec0:   000000000d0cbbe0 0000000064d54de3
0x000000000eb9ced0:   000000000d0cbbe8 000000000d0cbb90 

Instructions: (pc=0x0000000064d5315f)
0x0000000064d5313f:   a1 00 00 4c 89 66 08 4c 89 6e 10 4c 89 76 18 e9
0x0000000064d5314f:   ea 00 00 00 45 84 e4 0f 84 c0 00 00 00 48 8b 0b
0x0000000064d5315f:   8b 41 24 c1 e8 0a a8 01 0f 84 af 00 00 00 48 8b
0x0000000064d5316f:   b5 18 01 00 00 48 8b 41 10 0f b7 50 3a 48 8b 48 


Register to memory mapping:

RAX=0x000000000d0cbc10 is an unknown value
RBX=0x000000000d0cbc10 is an unknown value
RCX=0x8000000000000000 is an unknown value
RDX=0x000000000d0cbbf0 is an unknown value
RSP=0x000000000eb9cde0 is pointing into the stack for thread: 0x000000000d242000
RBP=0x000000000d242000 is a thread
RSI=0x0000000000000202 is an unknown value
RDI=0x0000000000000000 is an unknown value
R8 =0x000000000d0cbbe8 is an unknown value
R9 =0x8000000000000000 is an unknown value
R10=0x000000000000000c is an unknown value
R11=0x000000000eb9cec8 is pointing into the stack for thread: 0x000000000d242000
R12=0x0000000000000001 is an unknown value
R13=0x000000000eb9d000 is pointing into the stack for thread: 0x000000000d242000
R14=0x000000000b024610 is an unknown value
R15=0x000000000b05f7a0 is an unknown value


Stack: [0x000000000eaa0000,0x000000000eba0000],  sp=0x000000000eb9cde0,  free space=1011k
Native frames: (J=compiled Java code, j=interpreted, Vv=VM code, C=native code)
V  [jvm.dll+0xa315f]

Java frames: (J=compiled Java code, j=interpreted, Vv=VM code)
j  au.edu.rmit.sef.ulti.UtilityFunction.setColorForPoint(Lau/edu/rmit/sef/model/Point;ILau/edu/rmit/sef/view/MFrame;)V+1
j  au.edu.rmit.sef.ulti.UtilityFunction.setColorForPointCollection(Ljava/util/List;ILau/edu/rmit/sef/view/MFrame;)V+102
j  au.edu.rmit.sef.game.PlayRule.getStatusLabel(Lau/edu/rmit/sef/model/Point;ILau/edu/rmit/sef/view/MFrame;)I+66
j  au.edu.rmit.sef.controller.Screen5ActionListener.cellMousePressed(Ljava/awt/event/MouseEvent;)V+133
j  au.edu.rmit.sef.controller.GameContronller$10.mousePressed(Ljava/awt/event/MouseEvent;)V+8
j  java.awt.Component.processMouseEvent(Ljava/awt/event/MouseEvent;)V+54
j  javax.swing.JComponent.processMouseEvent(Ljava/awt/event/MouseEvent;)V+23
j  java.awt.Component.processEvent(Ljava/awt/AWTEvent;)V+81
j  java.awt.Container.processEvent(Ljava/awt/AWTEvent;)V+18
j  java.awt.Component.dispatchEventImpl(Ljava/awt/AWTEvent;)V+581
j  java.awt.Container.dispatchEventImpl(Ljava/awt/AWTEvent;)V+42
j  java.awt.Component.dispatchEvent(Ljava/awt/AWTEvent;)V+2
j  java.awt.LightweightDispatcher.retargetMouseEvent(Ljava/awt/Component;ILjava/awt/event/MouseEvent;)V+327
j  java.awt.LightweightDispatcher.processMouseEvent(Ljava/awt/event/MouseEvent;)Z+126
j  java.awt.LightweightDispatcher.dispatchEvent(Ljava/awt/AWTEvent;)Z+50
j  java.awt.Container.dispatchEventImpl(Ljava/awt/AWTEvent;)V+12
j  java.awt.Window.dispatchEventImpl(Ljava/awt/AWTEvent;)V+19
j  java.awt.Component.dispatchEvent(Ljava/awt/AWTEvent;)V+2
j  java.awt.EventQueue.dispatchEventImpl(Ljava/awt/AWTEvent;Ljava/lang/Object;)V+41
j  java.awt.EventQueue.access$300(Ljava/awt/EventQueue;Ljava/awt/AWTEvent;Ljava/lang/Object;)V+3
j  java.awt.EventQueue$3.run()Ljava/lang/Void;+12
j  java.awt.EventQueue$3.run()Ljava/lang/Object;+1
v  ~StubRoutines::call_stub
j  java.security.AccessController.doPrivileged(Ljava/security/PrivilegedAction;Ljava/security/AccessControlContext;)Ljava/lang/Object;+0
j  java.security.ProtectionDomain$1.doIntersectionPrivilege(Ljava/security/PrivilegedAction;Ljava/security/AccessControlContext;Ljava/security/AccessControlContext;)Ljava/lang/Object;+28
j  java.security.ProtectionDomain$1.doIntersectionPrivilege(Ljava/security/PrivilegedAction;Ljava/security/AccessControlContext;)Ljava/lang/Object;+6
j  java.awt.EventQueue$4.run()Ljava/lang/Void;+11
j  java.awt.EventQueue$4.run()Ljava/lang/Object;+1
v  ~StubRoutines::call_stub
j  java.security.AccessController.doPrivileged(Ljava/security/PrivilegedAction;Ljava/security/AccessControlContext;)Ljava/lang/Object;+0
j  java.security.ProtectionDomain$1.doIntersectionPrivilege(Ljava/security/PrivilegedAction;Ljava/security/AccessControlContext;Ljava/security/AccessControlContext;)Ljava/lang/Object;+28
j  java.awt.EventQueue.dispatchEvent(Ljava/awt/AWTEvent;)V+73
j  java.awt.EventDispatchThread.pumpOneEventForFilters(I)V+245
j  java.awt.EventDispatchThread.pumpEventsForFilter(ILjava/awt/Conditional;Ljava/awt/EventFilter;)V+35
j  java.awt.EventDispatchThread.pumpEventsForHierarchy(ILjava/awt/Conditional;Ljava/awt/Component;)V+11
j  java.awt.EventDispatchThread.pumpEvents(ILjava/awt/Conditional;)V+4
j  java.awt.EventDispatchThread.pumpEvents(Ljava/awt/Conditional;)V+3
j  java.awt.EventDispatchThread.run()V+9
v  ~StubRoutines::call_stub

---------------  P R O C E S S  ---------------

Java Threads: ( => current thread )
  0x000000000e6b9000 JavaThread "TimerQueue" daemon [_thread_blocked, id=7696, stack(0x000000000f0b0000,0x000000000f1b0000)]
  0x0000000002b2e800 JavaThread "DestroyJavaVM" [_thread_blocked, id=6712, stack(0x0000000002a10000,0x0000000002b10000)]
=>0x000000000d242000 JavaThread "AWT-EventQueue-0" [_thread_in_vm, id=788, stack(0x000000000eaa0000,0x000000000eba0000)]
  0x000000000d182000 JavaThread "AWT-Windows" daemon [_thread_in_native, id=7084, stack(0x000000000db90000,0x000000000dc90000)]
  0x000000000d17f000 JavaThread "AWT-Shutdown" [_thread_blocked, id=972, stack(0x000000000da90000,0x000000000db90000)]
  0x000000000d17e000 JavaThread "Java2D Disposer" daemon [_thread_blocked, id=3940, stack(0x000000000d990000,0x000000000da90000)]
  0x000000000b045800 JavaThread "Service Thread" daemon [_thread_blocked, id=9112, stack(0x000000000ce30000,0x000000000cf30000)]
  0x000000000b044800 JavaThread "C2 CompilerThread1" daemon [_thread_blocked, id=9060, stack(0x000000000cd30000,0x000000000ce30000)]
  0x000000000b043000 JavaThread "C2 CompilerThread0" daemon [_thread_blocked, id=6396, stack(0x000000000cc30000,0x000000000cd30000)]
  0x000000000b02c800 JavaThread "JDWP Command Reader" daemon [_thread_in_native, id=7344, stack(0x000000000cb30000,0x000000000cc30000)]
  0x000000000b029800 JavaThread "JDWP Event Helper Thread" daemon [_thread_blocked, id=1720, stack(0x000000000ca30000,0x000000000cb30000)]
  0x000000000b01b800 JavaThread "JDWP Transport Listener: dt_socket" daemon [_thread_blocked, id=1004, stack(0x000000000c5c0000,0x000000000c6c0000)]
  0x000000000b015000 JavaThread "Attach Listener" daemon [_thread_blocked, id=672, stack(0x000000000c490000,0x000000000c590000)]
  0x000000000b012000 JavaThread "Signal Dispatcher" daemon [_thread_blocked, id=1020, stack(0x000000000c390000,0x000000000c490000)]
  0x000000000afdf800 JavaThread "Finalizer" daemon [_thread_blocked, id=5576, stack(0x000000000c290000,0x000000000c390000)]
  0x000000000afd6800 JavaThread "Reference Handler" daemon [_thread_blocked, id=936, stack(0x000000000c190000,0x000000000c290000)]

Other Threads:
  0x000000000afd2800 VMThread [stack: 0x000000000c090000,0x000000000c190000] [id=4392]
  0x000000000b05e000 WatcherThread [stack: 0x000000000cf30000,0x000000000d030000] [id=8140]

VM state:not at safepoint (normal execution)

VM Mutex/Monitor currently owned by a thread: None

Heap
 PSYoungGen      total 38400K, used 18990K [0x00000007d5a80000, 0x00000007d8500000, 0x0000000800000000)
  eden space 33280K, 57% used [0x00000007d5a80000,0x00000007d6d0b9c0,0x00000007d7b00000)
  from space 5120K, 0% used [0x00000007d8000000,0x00000007d8000000,0x00000007d8500000)
  to   space 5120K, 0% used [0x00000007d7b00000,0x00000007d7b00000,0x00000007d8000000)
 ParOldGen       total 86528K, used 0K [0x0000000781000000, 0x0000000786480000, 0x00000007d5a80000)
  object space 86528K, 0% used [0x0000000781000000,0x0000000781000000,0x0000000786480000)
 PSPermGen       total 21504K, used 11430K [0x000000077be00000, 0x000000077d300000, 0x0000000781000000)
  object space 21504K, 53% used [0x000000077be00000,0x000000077c929b90,0x000000077d300000)

Card table byte_map: [0x0000000005d10000,0x0000000006140000] byte_map_base: 0x0000000002131000

Polling page: 0x0000000002b10000

Code Cache  [0x0000000002c50000, 0x0000000002ec0000, 0x0000000005c50000)
 total_blobs=522 nmethods=86 adapters=396 free_code_cache=48392Kb largest_free_block=49524032

Compilation events (10 events):
Event: 21.687 Thread 0x000000000b043000 nmethod 81 0x0000000002cfd810 code [0x0000000002cfd940, 0x0000000002cfd9d8]
Event: 21.687 Thread 0x000000000b043000   82             java.awt.geom.RectIterator::isDone (14 bytes)
Event: 21.687 Thread 0x000000000b043000 nmethod 82 0x0000000002cfd610 code [0x0000000002cfd740, 0x0000000002cfd7b8]
Event: 21.714 Thread 0x000000000b044800 nmethod 77 0x0000000002d03f50 code [0x0000000002d04360, 0x0000000002d06300]
Event: 23.030 Thread 0x000000000b043000   84             javax.swing.JComponent::rectangleIsObscured (119 bytes)
Event: 23.037 Thread 0x000000000b043000 nmethod 84 0x0000000002d03210 code [0x0000000002d03380, 0x0000000002d03a18]
Event: 23.087 Thread 0x000000000b044800   85             java.util.concurrent.locks.AbstractQueuedSynchronizer::setState (6 bytes)
Event: 23.087 Thread 0x000000000b044800 nmethod 85 0x0000000002d03010 code [0x0000000002d03140, 0x0000000002d031b8]
Event: 23.157 Thread 0x000000000b043000   86             sun.awt.AWTAutoShutdown::getInstance (4 bytes)
Event: 23.157 Thread 0x000000000b043000 nmethod 86 0x0000000002cfd010 code [0x0000000002cfd140, 0x0000000002cfd198]

GC Heap History (0 events):
No events

Deoptimization events (10 events):
Event: 0.393 Thread 0x0000000002b2e800 Uncommon trap: reason=bimorphic action=maybe_recompile pc=0x0000000002cd28b0 method=java.util.HashMap.getEntry(Ljava/lang/Object;)Ljava/util/HashMap$Entry; @ 68
Event: 3.920 Thread 0x000000000d242000 Uncommon trap: reason=class_check action=maybe_recompile pc=0x0000000002cc9218 method=java.lang.String.equals(Ljava/lang/Object;)Z @ 8
Event: 3.920 Thread 0x000000000d242000 Uncommon trap: reason=class_check action=maybe_recompile pc=0x0000000002cc9218 method=java.lang.String.equals(Ljava/lang/Object;)Z @ 8
Event: 4.661 Thread 0x000000000d242000 Uncommon trap: reason=class_check action=maybe_recompile pc=0x0000000002cc9218 method=java.lang.String.equals(Ljava/lang/Object;)Z @ 8
Event: 4.661 Thread 0x000000000d242000 Uncommon trap: reason=class_check action=maybe_recompile pc=0x0000000002cc9218 method=java.lang.String.equals(Ljava/lang/Object;)Z @ 8
Event: 6.358 Thread 0x000000000d242000 Uncommon trap: reason=class_check action=maybe_recompile pc=0x0000000002cfc2ec method=java.awt.Component.getHWPeerAboveMe()Ljava/awt/peer/ComponentPeer; @ 5
Event: 6.358 Thread 0x000000000d242000 Uncommon trap: reason=class_check action=maybe_recompile pc=0x0000000002cfc2ec method=java.awt.Component.getHWPeerAboveMe()Ljava/awt/peer/ComponentPeer; @ 5
Event: 6.359 Thread 0x000000000d242000 Uncommon trap: reason=class_check action=maybe_recompile pc=0x0000000002cfc2ec method=java.awt.Component.getHWPeerAboveMe()Ljava/awt/peer/ComponentPeer; @ 5
Event: 6.360 Thread 0x000000000d242000 Uncommon trap: reason=class_check action=maybe_recompile pc=0x0000000002cfc2ec method=java.awt.Component.getHWPeerAboveMe()Ljava/awt/peer/ComponentPeer; @ 5
Event: 17.445 Thread 0x000000000d242000 Uncommon trap: reason=unreached action=reinterpret pc=0x0000000002cf5c18 method=java.awt.Component.isDisplayable()Z @ 4

Internal exceptions (10 events):
Event: 0.477 Thread 0x0000000002b2e800 Threw 0x00000007d6411828 at C:\re\jdk7u79\2331\hotspot\src\share\vm\prims\jvm.cpp:1304
Event: 0.477 Thread 0x0000000002b2e800 Threw 0x00000007d6413378 at C:\re\jdk7u79\2331\hotspot\src\share\vm\prims\jvm.cpp:1304
Event: 0.478 Thread 0x0000000002b2e800 Threw 0x00000007d6414e68 at C:\re\jdk7u79\2331\hotspot\src\share\vm\prims\jvm.cpp:1304
Event: 0.479 Thread 0x0000000002b2e800 Threw 0x00000007d64169f8 at C:\re\jdk7u79\2331\hotspot\src\share\vm\prims\jvm.cpp:1304
Event: 0.480 Thread 0x0000000002b2e800 Threw 0x00000007d64184d0 at C:\re\jdk7u79\2331\hotspot\src\share\vm\prims\jvm.cpp:1304
Event: 5.463 Thread 0x000000000d242000 Threw 0x00000007d636f230 at C:\re\jdk7u79\2331\hotspot\src\share\vm\prims\jvm.cpp:1304
Event: 6.374 Thread 0x000000000d242000 Threw 0x00000007d6831690 at C:\re\jdk7u79\2331\hotspot\src\share\vm\prims\jvm.cpp:1304
Event: 6.383 Thread 0x000000000d242000 Threw 0x00000007d6839978 at C:\re\jdk7u79\2331\hotspot\src\share\vm\prims\jvm.cpp:1304
Event: 6.384 Thread 0x000000000d242000 Threw 0x00000007d683c870 at C:\re\jdk7u79\2331\hotspot\src\share\vm\prims\jvm.cpp:1304
Event: 19.472 Thread 0x000000000d242000 Threw 0x00000007d6b1ed70 at C:\re\jdk7u79\2331\hotspot\src\share\vm\prims\jvm.cpp:1304

Events (10 events):
Event: 37.940 Executing VM operation: ChangeSingleStep
Event: 37.940 Executing VM operation: ChangeSingleStep done
Event: 37.941 Executing VM operation: ChangeSingleStep
Event: 37.941 Executing VM operation: ChangeSingleStep done
Event: 41.989 Executing VM operation: EnterInterpOnlyMode
Event: 41.989 Executing VM operation: EnterInterpOnlyMode done
Event: 41.989 Executing VM operation: GetCurrentLocation
Event: 41.989 Executing VM operation: GetCurrentLocation done
Event: 41.989 Executing VM operation: ChangeSingleStep
Event: 41.989 Executing VM operation: ChangeSingleStep done


Dynamic libraries:
0x00007ff602510000 - 0x00007ff602543000 	C:\Program Files\Java\jdk1.7.0_79\bin\javaw.exe
0x00007ff865f70000 - 0x00007ff86611a000 	C:\Windows\SYSTEM32\ntdll.dll
0x00007ff865c90000 - 0x00007ff865dca000 	C:\Windows\system32\KERNEL32.DLL
0x00007ff8634b0000 - 0x00007ff8635bf000 	C:\Windows\system32\KERNELBASE.dll
0x00007ff861f10000 - 0x00007ff861f98000 	C:\Windows\system32\apphelp.dll
0x00007ff8514a0000 - 0x00007ff8514ef000 	C:\Windows\AppPatch\AppPatch64\AcGenral.DLL
0x00007ff8642a0000 - 0x00007ff864347000 	C:\Windows\system32\msvcrt.dll
0x00007ff8630c0000 - 0x00007ff8630eb000 	C:\Windows\SYSTEM32\SspiCli.dll
0x00007ff865c30000 - 0x00007ff865c81000 	C:\Windows\system32\SHLWAPI.dll
0x00007ff864110000 - 0x00007ff864281000 	C:\Windows\system32\USER32.dll
0x00007ff865df0000 - 0x00007ff865f68000 	C:\Windows\system32\ole32.dll
0x00007ff864760000 - 0x00007ff865b77000 	C:\Windows\system32\SHELL32.dll
0x00007ff8628f0000 - 0x00007ff86290e000 	C:\Windows\SYSTEM32\USERENV.dll
0x00007ff863ad0000 - 0x00007ff863b75000 	C:\Windows\system32\ADVAPI32.dll
0x00007ff8507c0000 - 0x00007ff8507db000 	C:\Windows\SYSTEM32\MPR.dll
0x00007ff8645c0000 - 0x00007ff8646f6000 	C:\Windows\system32\RPCRT4.dll
0x00007ff863d60000 - 0x00007ff863db7000 	C:\Windows\SYSTEM32\sechost.dll
0x00007ff864350000 - 0x00007ff864526000 	C:\Windows\SYSTEM32\combase.dll
0x00007ff863dc0000 - 0x00007ff863f05000 	C:\Windows\system32\GDI32.dll
0x00007ff8632e0000 - 0x00007ff8632f4000 	C:\Windows\SYSTEM32\profapi.dll
0x00007ff861920000 - 0x00007ff8619bf000 	C:\Windows\SYSTEM32\SHCORE.dll
0x00007ff8637f0000 - 0x00007ff863824000 	C:\Windows\system32\IMM32.DLL
0x00007ff863830000 - 0x00007ff863969000 	C:\Windows\system32\MSCTF.dll
0x00007ff8614f0000 - 0x00007ff86174a000 	C:\Windows\WinSxS\amd64_microsoft.windows.common-controls_6595b64144ccf1df_6.0.9600.17031_none_6242a4b3ecbb55a1\COMCTL32.dll
0x0000000065490000 - 0x0000000065562000 	C:\Program Files\Java\jdk1.7.0_79\jre\bin\msvcr100.dll
0x0000000064cb0000 - 0x0000000065485000 	C:\Program Files\Java\jdk1.7.0_79\jre\bin\server\jvm.dll
0x00007ff856d60000 - 0x00007ff856d69000 	C:\Windows\SYSTEM32\WSOCK32.dll
0x00007ff85e760000 - 0x00007ff85e77f000 	C:\Windows\SYSTEM32\WINMM.dll
0x00007ff864290000 - 0x00007ff864297000 	C:\Windows\system32\PSAPI.DLL
0x00007ff864540000 - 0x00007ff864598000 	C:\Windows\system32\WS2_32.dll
0x00007ff85e720000 - 0x00007ff85e74a000 	C:\Windows\SYSTEM32\WINMMBASE.dll
0x00007ff8645a0000 - 0x00007ff8645a9000 	C:\Windows\system32\NSI.dll
0x00007ff863460000 - 0x00007ff8634aa000 	C:\Windows\SYSTEM32\cfgmgr32.dll
0x00007ff862190000 - 0x00007ff8621b6000 	C:\Windows\SYSTEM32\DEVOBJ.dll
0x0000000064ca0000 - 0x0000000064caf000 	C:\Program Files\Java\jdk1.7.0_79\jre\bin\verify.dll
0x0000000064c70000 - 0x0000000064c98000 	C:\Program Files\Java\jdk1.7.0_79\jre\bin\java.dll
0x0000000064c30000 - 0x0000000064c65000 	C:\Program Files\Java\jdk1.7.0_79\jre\bin\jdwp.dll
0x0000000064c20000 - 0x0000000064c28000 	C:\Program Files\Java\jdk1.7.0_79\jre\bin\npt.dll
0x0000000064c00000 - 0x0000000064c15000 	C:\Program Files\Java\jdk1.7.0_79\jre\bin\zip.dll
0x0000000064bf0000 - 0x0000000064bf9000 	C:\Program Files\Java\jdk1.7.0_79\jre\bin\dt_socket.dll
0x00007ff854110000 - 0x00007ff854124000 	C:\Windows\system32\napinsp.dll
0x00007ff854130000 - 0x00007ff854149000 	C:\Windows\system32\pnrpnsp.dll
0x00007ff85d180000 - 0x00007ff85d199000 	C:\Windows\system32\NLAapi.dll
0x00007ff862b40000 - 0x00007ff862b98000 	C:\Windows\System32\mswsock.dll
0x00007ff862950000 - 0x00007ff8629f3000 	C:\Windows\SYSTEM32\DNSAPI.dll
0x00007ff854150000 - 0x00007ff85415c000 	C:\Windows\System32\winrnr.dll
0x00007ff854160000 - 0x00007ff854173000 	C:\Windows\system32\wshbth.dll
0x0000000067b40000 - 0x0000000067b66000 	C:\Program Files\Bonjour\mdnsNSP.dll
0x00007ff85e3a0000 - 0x00007ff85e3c9000 	C:\Windows\SYSTEM32\Iphlpapi.DLL
0x00007ff85e350000 - 0x00007ff85e35a000 	C:\Windows\SYSTEM32\WINNSI.DLL
0x00007ff85bfb0000 - 0x00007ff85c018000 	C:\Windows\System32\fwpuclnt.dll
0x00007ff854510000 - 0x00007ff854519000 	C:\Windows\System32\rasadhlp.dll
0x0000000064a50000 - 0x0000000064be5000 	C:\Program Files\Java\jdk1.7.0_79\jre\bin\awt.dll
0x00007ff863970000 - 0x00007ff863a27000 	C:\Windows\system32\OLEAUT32.dll
0x00007ff861750000 - 0x00007ff861770000 	C:\Windows\system32\DWMAPI.DLL
0x00007ff861fd0000 - 0x00007ff8620f1000 	C:\Windows\system32\uxtheme.dll
0x00007ff862180000 - 0x00007ff86218a000 	C:\Windows\SYSTEM32\kernel.appcore.dll
0x00007ff863150000 - 0x00007ff86315a000 	C:\Windows\SYSTEM32\CRYPTBASE.dll
0x00007ff8630f0000 - 0x00007ff863150000 	C:\Windows\SYSTEM32\bcryptPrimitives.dll
0x0000000064a30000 - 0x0000000064a4a000 	C:\Program Files\Java\jdk1.7.0_79\jre\bin\net.dll
0x0000000064a10000 - 0x0000000064a21000 	C:\Program Files\Java\jdk1.7.0_79\jre\bin\nio.dll
0x00000000649c0000 - 0x0000000064a07000 	C:\Program Files\Java\jdk1.7.0_79\jre\bin\fontmanager.dll
0x0000000064970000 - 0x00000000649b1000 	C:\Program Files\Java\jdk1.7.0_79\jre\bin\t2k.dll
0x00007ff865b80000 - 0x00007ff865c24000 	C:\Windows\SYSTEM32\clbcatq.dll
0x00007ff8591e0000 - 0x00007ff859373000 	C:\Windows\SYSTEM32\WindowsCodecs.dll
0x00007ff862ba0000 - 0x00007ff862bbe000 	C:\Windows\SYSTEM32\CRYPTSP.dll
0x00007ff8627e0000 - 0x00007ff862815000 	C:\Windows\system32\rsaenh.dll
0x00007ff862dd0000 - 0x00007ff862df6000 	C:\Windows\SYSTEM32\bcrypt.dll
0x0000000064940000 - 0x0000000064970000 	C:\Program Files\Java\jdk1.7.0_79\jre\bin\jpeg.dll
0x00007ff850180000 - 0x00007ff850308000 	C:\Windows\SYSTEM32\dbghelp.dll

VM Arguments:
jvm_args: -agentlib:jdwp=transport=dt_socket,suspend=y,address=localhost:62369 -Dfile.encoding=Cp1252 
java_command: au.edu.rmit.sef.main.Main
Launcher Type: SUN_STANDARD

Environment Variables:
JAVA_HOME=C:\Program Files\Java\jdk1.7.0_79\
PATH=C:\Program Files\Java\jdk1.7.0_79\jre\bin;C:\Program Files (x86)\NVIDIA Corporation\PhysX\Common;C:\Program Files (x86)\Intel\iCLS Client\;C:\Program Files\Intel\iCLS Client\;C:\Windows\system32;C:\Windows;C:\Windows\System32\Wbem;C:\Windows\System32\WindowsPowerShell\v1.0\;C:\Program Files\Hewlett-Packard\SimplePass\;C:\Program Files\Intel\Intel(R) Management Engine Components\DAL;C:\Program Files\Intel\Intel(R) Management Engine Components\IPT;C:\Program Files (x86)\Intel\Intel(R) Management Engine Components\DAL;C:\Program Files (x86)\Intel\Intel(R) Management Engine Components\IPT;C:\Program Files\Intel\WiFi\bin\;C:\Program Files\Common Files\Intel\WirelessCommon\;C:\Program Files\TortoiseSVN\bin;C:\Program Files\Microsoft\Web Platform Installer\;C:\Program Files (x86)\Microsoft ASP.NET\ASP.NET Web Pages\v1.0\;C:\Program Files (x86)\Windows Kits\8.0\Windows Performance Toolkit\;C:\Program Files\Microsoft SQL Server\110\Tools\Binn\;C:\Program Files\Java\jdk1.7.0_79\bin;C:\Grails\grails-2.4.4\grails-2.4.4\bin;C:\Program Files (x86)\Skype\Phone\
USERNAME=Khang
OS=Windows_NT
PROCESSOR_IDENTIFIER=Intel64 Family 6 Model 69 Stepping 1, GenuineIntel



---------------  S Y S T E M  ---------------

OS: Windows 8.1 , 64 bit Build 9600 

CPU:total 4 (2 cores per cpu, 2 threads per core) family 6 model 69 stepping 1, cmov, cx8, fxsr, mmx, sse, sse2, sse3, ssse3, sse4.1, sse4.2, popcnt, avx, avx2, aes, erms, ht, tsc, tscinvbit

Memory: 4k page, physical 8317080k(4398484k free), swap 9627800k(4925076k free)

vm_info: Java HotSpot(TM) 64-Bit Server VM (24.79-b02) for windows-amd64 JRE (1.7.0_79-b15), built on Apr 10 2015 12:36:16 by "java_re" with unknown MS VC++:1600

time: Tue Oct 13 00:34:24 2015
elapsed time: 41 seconds

