#
# A fatal error has been detected by the Java Runtime Environment:
#
#  EXCEPTION_ACCESS_VIOLATION (0xc0000005) at pc=0x0000000064ad315f, pid=3324, tid=5948
#
# JRE version: Java(TM) SE Runtime Environment (7.0_79-b15) (build 1.7.0_79-b15)
# Java VM: Java HotSpot(TM) 64-Bit Server VM (24.79-b02 mixed mode windows-amd64 compressed oops)
# Problematic frame:
# V  [jvm.dll+0xa315f]
#
# Failed to write core dump. Minidumps are not enabled by default on client versions of Windows
#
# If you would like to submit a bug report, please visit:
#   http://bugreport.java.com/bugreport/crash.jsp
#

---------------  T H R E A D  ---------------

Current thread (0x000000000caad800):  JavaThread "AWT-EventQueue-0" [_thread_in_vm, id=5948, stack(0x000000000e350000,0x000000000e450000)]

siginfo: ExceptionCode=0xc0000005, reading address 0xffffffffffffffff

Registers:
RAX=0x000000000a99a500, RBX=0x000000000a99a500, RCX=0x8000000000000000, RDX=0x000000000a99a4e0
RSP=0x000000000e44cc60, RBP=0x000000000caad800, RSI=0x0000000000000202, RDI=0x0000000000000000
R8 =0x000000000a99a4d8, R9 =0x8000000000000000, R10=0x000000000000000c, R11=0x000000000e44cd48
R12=0x0000000000000001, R13=0x000000000e44ce80, R14=0x000000000a93c0e0, R15=0x000000000a965e60
RIP=0x0000000064ad315f, EFLAGS=0x0000000000010202

Top of Stack: (sp=0x000000000e44cc60)
0x000000000e44cc60:   000000000caad800 0000000064c1cf9f
0x000000000e44cc70:   000000000dff9a30 00000000649c2577
0x000000000e44cc80:   000000000dff9c60 000000000caad9e8
0x000000000e44cc90:   000004db04c8de17 0000000000000000
0x000000000e44cca0:   00000000024bc970 0000000064c01a95
0x000000000e44ccb0:   000000000a965e60 000000000a93c0e0
0x000000000e44ccc0:   000000000a99a4c8 000000000a99a488
0x000000000e44ccd0:   0000000000000049 000000000caad800
0x000000000e44cce0:   000000000e44ce80 0000000064ad3cba
0x000000000e44ccf0:   000000000caad800 000000000a99a4e0
0x000000000e44cd00:   000000000a99a4c8 0000000000000000
0x000000000e44cd10:   000000000a99a4d8 0000000064b07901
0x000000000e44cd20:   000000000caad800 0000000000000049
0x000000000e44cd30:   000000000a99a4e0 0000000000000000
0x000000000e44cd40:   000000000a99a4d0 0000000064ad4de3
0x000000000e44cd50:   000000000a99a4d8 000000000a99a480 

Instructions: (pc=0x0000000064ad315f)
0x0000000064ad313f:   a1 00 00 4c 89 66 08 4c 89 6e 10 4c 89 76 18 e9
0x0000000064ad314f:   ea 00 00 00 45 84 e4 0f 84 c0 00 00 00 48 8b 0b
0x0000000064ad315f:   8b 41 24 c1 e8 0a a8 01 0f 84 af 00 00 00 48 8b
0x0000000064ad316f:   b5 18 01 00 00 48 8b 41 10 0f b7 50 3a 48 8b 48 


Register to memory mapping:

RAX=0x000000000a99a500 is an unknown value
RBX=0x000000000a99a500 is an unknown value
RCX=0x8000000000000000 is an unknown value
RDX=0x000000000a99a4e0 is an unknown value
RSP=0x000000000e44cc60 is pointing into the stack for thread: 0x000000000caad800
RBP=0x000000000caad800 is a thread
RSI=0x0000000000000202 is an unknown value
RDI=0x0000000000000000 is an unknown value
R8 =0x000000000a99a4d8 is an unknown value
R9 =0x8000000000000000 is an unknown value
R10=0x000000000000000c is an unknown value
R11=0x000000000e44cd48 is pointing into the stack for thread: 0x000000000caad800
R12=0x0000000000000001 is an unknown value
R13=0x000000000e44ce80 is pointing into the stack for thread: 0x000000000caad800
R14=0x000000000a93c0e0 is an unknown value
R15=0x000000000a965e60 is an unknown value


Stack: [0x000000000e350000,0x000000000e450000],  sp=0x000000000e44cc60,  free space=1011k
Native frames: (J=compiled Java code, j=interpreted, Vv=VM code, C=native code)
V  [jvm.dll+0xa315f]

Java frames: (J=compiled Java code, j=interpreted, Vv=VM code)
j  au.edu.rmit.sef.ulti.UtilityFunction.setStatusCell(Lau/edu/rmit/sef/model/Point;ILau/edu/rmit/sef/view/MFrame;)V+118
j  au.edu.rmit.sef.ulti.UtilityFunction.setStatusCellCollection(Ljava/util/List;ILau/edu/rmit/sef/view/MFrame;)V+29
j  au.edu.rmit.sef.controller.Screen5ActionListener.cellMousePressed(Ljava/awt/event/MouseEvent;)V+115
j  au.edu.rmit.sef.controller.GameContronller$10.mousePressed(Ljava/awt/event/MouseEvent;)V+8
j  java.awt.Component.processMouseEvent(Ljava/awt/event/MouseEvent;)V+54
j  javax.swing.JComponent.processMouseEvent(Ljava/awt/event/MouseEvent;)V+23
j  java.awt.Component.processEvent(Ljava/awt/AWTEvent;)V+81
j  java.awt.Container.processEvent(Ljava/awt/AWTEvent;)V+18
j  java.awt.Component.dispatchEventImpl(Ljava/awt/AWTEvent;)V+581
j  java.awt.Container.dispatchEventImpl(Ljava/awt/AWTEvent;)V+42
j  java.awt.Component.dispatchEvent(Ljava/awt/AWTEvent;)V+2
j  java.awt.LightweightDispatcher.retargetMouseEvent(Ljava/awt/Component;ILjava/awt/event/MouseEvent;)V+327
j  java.awt.LightweightDispatcher.processMouseEvent(Ljava/awt/event/MouseEvent;)Z+126
j  java.awt.LightweightDispatcher.dispatchEvent(Ljava/awt/AWTEvent;)Z+50
j  java.awt.Container.dispatchEventImpl(Ljava/awt/AWTEvent;)V+12
j  java.awt.Window.dispatchEventImpl(Ljava/awt/AWTEvent;)V+19
j  java.awt.Component.dispatchEvent(Ljava/awt/AWTEvent;)V+2
j  java.awt.EventQueue.dispatchEventImpl(Ljava/awt/AWTEvent;Ljava/lang/Object;)V+41
j  java.awt.EventQueue.access$300(Ljava/awt/EventQueue;Ljava/awt/AWTEvent;Ljava/lang/Object;)V+3
j  java.awt.EventQueue$3.run()Ljava/lang/Void;+12
j  java.awt.EventQueue$3.run()Ljava/lang/Object;+1
v  ~StubRoutines::call_stub
j  java.security.AccessController.doPrivileged(Ljava/security/PrivilegedAction;Ljava/security/AccessControlContext;)Ljava/lang/Object;+0
j  java.security.ProtectionDomain$1.doIntersectionPrivilege(Ljava/security/PrivilegedAction;Ljava/security/AccessControlContext;Ljava/security/AccessControlContext;)Ljava/lang/Object;+28
j  java.security.ProtectionDomain$1.doIntersectionPrivilege(Ljava/security/PrivilegedAction;Ljava/security/AccessControlContext;)Ljava/lang/Object;+6
j  java.awt.EventQueue$4.run()Ljava/lang/Void;+11
j  java.awt.EventQueue$4.run()Ljava/lang/Object;+1
v  ~StubRoutines::call_stub
j  java.security.AccessController.doPrivileged(Ljava/security/PrivilegedAction;Ljava/security/AccessControlContext;)Ljava/lang/Object;+0
j  java.security.ProtectionDomain$1.doIntersectionPrivilege(Ljava/security/PrivilegedAction;Ljava/security/AccessControlContext;Ljava/security/AccessControlContext;)Ljava/lang/Object;+28
j  java.awt.EventQueue.dispatchEvent(Ljava/awt/AWTEvent;)V+73
j  java.awt.EventDispatchThread.pumpOneEventForFilters(I)V+245
j  java.awt.EventDispatchThread.pumpEventsForFilter(ILjava/awt/Conditional;Ljava/awt/EventFilter;)V+35
j  java.awt.EventDispatchThread.pumpEventsForHierarchy(ILjava/awt/Conditional;Ljava/awt/Component;)V+11
j  java.awt.EventDispatchThread.pumpEvents(ILjava/awt/Conditional;)V+4
j  java.awt.EventDispatchThread.pumpEvents(Ljava/awt/Conditional;)V+3
j  java.awt.EventDispatchThread.run()V+9
v  ~StubRoutines::call_stub

---------------  P R O C E S S  ---------------

Java Threads: ( => current thread )
  0x000000000caaa800 JavaThread "TimerQueue" daemon [_thread_blocked, id=5092, stack(0x000000000e750000,0x000000000e850000)]
  0x000000000caae800 JavaThread "DestroyJavaVM" [_thread_blocked, id=4900, stack(0x0000000002310000,0x0000000002410000)]
=>0x000000000caad800 JavaThread "AWT-EventQueue-0" [_thread_in_vm, id=5948, stack(0x000000000e350000,0x000000000e450000)]
  0x000000000ca9d800 JavaThread "AWT-Windows" daemon [_thread_in_native, id=7460, stack(0x000000000d440000,0x000000000d540000)]
  0x000000000a981800 JavaThread "AWT-Shutdown" [_thread_blocked, id=8632, stack(0x000000000d340000,0x000000000d440000)]
  0x000000000a980800 JavaThread "Java2D Disposer" daemon [_thread_blocked, id=7940, stack(0x000000000d240000,0x000000000d340000)]
  0x000000000a955800 JavaThread "Service Thread" daemon [_thread_blocked, id=1684, stack(0x000000000c740000,0x000000000c840000)]
  0x000000000a95a000 JavaThread "C2 CompilerThread1" daemon [_thread_blocked, id=2668, stack(0x000000000c640000,0x000000000c740000)]
  0x000000000a954800 JavaThread "C2 CompilerThread0" daemon [_thread_blocked, id=6528, stack(0x000000000c540000,0x000000000c640000)]
  0x000000000a943800 JavaThread "JDWP Command Reader" daemon [_thread_in_native, id=7576, stack(0x000000000c440000,0x000000000c540000)]
  0x000000000a940800 JavaThread "JDWP Event Helper Thread" daemon [_thread_blocked, id=2988, stack(0x000000000c340000,0x000000000c440000)]
  0x000000000a933000 JavaThread "JDWP Transport Listener: dt_socket" daemon [_thread_blocked, id=5624, stack(0x000000000bea0000,0x000000000bfa0000)]
  0x000000000a92c800 JavaThread "Attach Listener" daemon [_thread_blocked, id=7608, stack(0x000000000bda0000,0x000000000bea0000)]
  0x000000000a929800 JavaThread "Signal Dispatcher" daemon [_thread_blocked, id=8104, stack(0x000000000bca0000,0x000000000bda0000)]
  0x000000000a8ef800 JavaThread "Finalizer" daemon [_thread_blocked, id=8436, stack(0x000000000bba0000,0x000000000bca0000)]
  0x000000000a8e6800 JavaThread "Reference Handler" daemon [_thread_blocked, id=6216, stack(0x000000000baa0000,0x000000000bba0000)]

Other Threads:
  0x000000000a8e2800 VMThread [stack: 0x000000000b9a0000,0x000000000baa0000] [id=1236]
  0x000000000a965000 WatcherThread [stack: 0x000000000c840000,0x000000000c940000] [id=6120]

VM state:not at safepoint (normal execution)

VM Mutex/Monitor currently owned by a thread: None

Heap
 PSYoungGen      total 38400K, used 21170K [0x00000007d5a80000, 0x00000007d8500000, 0x0000000800000000)
  eden space 33280K, 63% used [0x00000007d5a80000,0x00000007d6f2caa0,0x00000007d7b00000)
  from space 5120K, 0% used [0x00000007d8000000,0x00000007d8000000,0x00000007d8500000)
  to   space 5120K, 0% used [0x00000007d7b00000,0x00000007d7b00000,0x00000007d8000000)
 ParOldGen       total 86528K, used 0K [0x0000000781000000, 0x0000000786480000, 0x00000007d5a80000)
  object space 86528K, 0% used [0x0000000781000000,0x0000000781000000,0x0000000786480000)
 PSPermGen       total 21504K, used 11589K [0x000000077be00000, 0x000000077d300000, 0x0000000781000000)
  object space 21504K, 53% used [0x000000077be00000,0x000000077c951660,0x000000077d300000)

Card table byte_map: [0x0000000005680000,0x0000000005ab0000] byte_map_base: 0x0000000001aa1000

Polling page: 0x0000000000b30000

Code Cache  [0x00000000025c0000, 0x0000000002830000, 0x00000000055c0000)
 total_blobs=569 nmethods=133 adapters=396 free_code_cache=48379Kb largest_free_block=49512768

Compilation events (10 events):
Event: 50.185 Thread 0x000000000a95a000  128             java.awt.Component::isEnabledImpl (5 bytes)
Event: 50.186 Thread 0x000000000a954800  129             sun.awt.SunToolkit::isInstanceOf (71 bytes)
Event: 50.186 Thread 0x000000000a95a000 nmethod 128 0x0000000002680fd0 code [0x0000000002681100, 0x0000000002681158]
Event: 50.186 Thread 0x000000000a95a000  130             java.lang.Class::getName (21 bytes)
Event: 50.186 Thread 0x000000000a95a000 nmethod 130 0x0000000002680d50 code [0x0000000002680ea0, 0x0000000002680f48]
Event: 50.188 Thread 0x000000000a95a000  131             java.awt.Component::isEnabled (5 bytes)
Event: 50.188 Thread 0x000000000a95a000 nmethod 131 0x0000000002680b50 code [0x0000000002680c80, 0x0000000002680cd8]
Event: 50.194 Thread 0x000000000a954800 nmethod 129 0x0000000002681d90 code [0x0000000002681f40, 0x0000000002682980]
Event: 50.526 Thread 0x000000000a95a000  133             java.awt.Component::getCursor_NoClientCode (30 bytes)
Event: 50.530 Thread 0x000000000a95a000 nmethod 133 0x0000000002680810 code [0x0000000002680960, 0x0000000002680a48]

GC Heap History (0 events):
No events

Deoptimization events (10 events):
Event: 19.299 Thread 0x000000000caad800 Uncommon trap: reason=class_check action=maybe_recompile pc=0x000000000263a2d8 method=java.lang.String.equals(Ljava/lang/Object;)Z @ 8
Event: 19.299 Thread 0x000000000caad800 Uncommon trap: reason=class_check action=maybe_recompile pc=0x000000000263a2d8 method=java.lang.String.equals(Ljava/lang/Object;)Z @ 8
Event: 48.711 Thread 0x000000000caad800 Uncommon trap: reason=unreached action=reinterpret pc=0x0000000002672360 method=java.awt.Component.getFont_NoClientCode()Ljava/awt/Font; @ 17
Event: 48.712 Thread 0x000000000caad800 Uncommon trap: reason=unreached action=reinterpret pc=0x00000000026726d8 method=java.awt.Component.getFont_NoClientCode()Ljava/awt/Font; @ 17
Event: 48.744 Thread 0x000000000caad800 Uncommon trap: reason=unreached action=reinterpret pc=0x0000000002676f78 method=java.awt.EventQueue.noEvents()Z @ 16
Event: 50.161 Thread 0x000000000caad800 Uncommon trap: reason=class_check action=maybe_recompile pc=0x0000000002683a2c method=java.awt.Component.getHWPeerAboveMe()Ljava/awt/peer/ComponentPeer; @ 5
Event: 50.161 Thread 0x000000000caad800 Uncommon trap: reason=class_check action=maybe_recompile pc=0x0000000002683a2c method=java.awt.Component.getHWPeerAboveMe()Ljava/awt/peer/ComponentPeer; @ 5
Event: 50.165 Thread 0x000000000caad800 Uncommon trap: reason=class_check action=maybe_recompile pc=0x0000000002683a2c method=java.awt.Component.getHWPeerAboveMe()Ljava/awt/peer/ComponentPeer; @ 5
Event: 50.166 Thread 0x000000000caad800 Uncommon trap: reason=class_check action=maybe_recompile pc=0x0000000002683a2c method=java.awt.Component.getHWPeerAboveMe()Ljava/awt/peer/ComponentPeer; @ 5
Event: 50.191 Thread 0x000000000caad800 Uncommon trap: reason=unreached action=reinterpret pc=0x000000000267e558 method=java.awt.Component.isDisplayable()Z @ 4

Internal exceptions (10 events):
Event: 0.524 Thread 0x00000000024be800 Threw 0x00000007d6444d38 at C:\re\jdk7u79\2331\hotspot\src\share\vm\prims\jvm.cpp:1304
Event: 0.525 Thread 0x00000000024be800 Threw 0x00000007d6446828 at C:\re\jdk7u79\2331\hotspot\src\share\vm\prims\jvm.cpp:1304
Event: 0.525 Thread 0x00000000024be800 Threw 0x00000007d64483b8 at C:\re\jdk7u79\2331\hotspot\src\share\vm\prims\jvm.cpp:1304
Event: 0.526 Thread 0x00000000024be800 Threw 0x00000007d6449e90 at C:\re\jdk7u79\2331\hotspot\src\share\vm\prims\jvm.cpp:1304
Event: 48.710 Thread 0x000000000caad800 Threw 0x00000007d6a3e190 at C:\re\jdk7u79\2331\hotspot\src\share\vm\prims\jvm.cpp:1304
Event: 48.711 Thread 0x000000000caad800 Implicit null exception at 0x00000000026722ec to 0x000000000267234a
Event: 48.712 Thread 0x000000000caad800 Implicit null exception at 0x000000000267266c to 0x00000000026726c6
Event: 51.555 Thread 0x000000000caad800 Threw 0x00000007d6bccbf8 at C:\re\jdk7u79\2331\hotspot\src\share\vm\prims\jvm.cpp:1304
Event: 51.560 Thread 0x000000000caad800 Threw 0x00000007d6bd4ce8 at C:\re\jdk7u79\2331\hotspot\src\share\vm\prims\jvm.cpp:1304
Event: 51.563 Thread 0x000000000caad800 Threw 0x00000007d6bd7310 at C:\re\jdk7u79\2331\hotspot\src\share\vm\prims\jvm.cpp:1304

Events (10 events):
Event: 396.819 Executing VM operation: ChangeSingleStep
Event: 396.819 Executing VM operation: ChangeSingleStep done
Event: 396.893 Executing VM operation: GetOrSetLocal
Event: 396.893 Executing VM operation: GetOrSetLocal done
Event: 396.894 Executing VM operation: GetOrSetLocal
Event: 396.894 Executing VM operation: GetOrSetLocal done
Event: 396.894 Executing VM operation: GetOrSetLocal
Event: 396.894 Executing VM operation: GetOrSetLocal done
Event: 396.895 Executing VM operation: GetOrSetLocal
Event: 396.895 Executing VM operation: GetOrSetLocal done


Dynamic libraries:
0x00007ff602510000 - 0x00007ff602543000 	C:\Program Files\Java\jdk1.7.0_79\bin\javaw.exe
0x00007ff865f70000 - 0x00007ff86611a000 	C:\Windows\SYSTEM32\ntdll.dll
0x00007ff865c90000 - 0x00007ff865dca000 	C:\Windows\system32\KERNEL32.DLL
0x00007ff8634b0000 - 0x00007ff8635bf000 	C:\Windows\system32\KERNELBASE.dll
0x00007ff861f10000 - 0x00007ff861f98000 	C:\Windows\system32\apphelp.dll
0x00007ff8514a0000 - 0x00007ff8514ef000 	C:\Windows\AppPatch\AppPatch64\AcGenral.DLL
0x00007ff8642a0000 - 0x00007ff864347000 	C:\Windows\system32\msvcrt.dll
0x00007ff8630c0000 - 0x00007ff8630eb000 	C:\Windows\SYSTEM32\SspiCli.dll
0x00007ff865c30000 - 0x00007ff865c81000 	C:\Windows\system32\SHLWAPI.dll
0x00007ff864110000 - 0x00007ff864281000 	C:\Windows\system32\USER32.dll
0x00007ff865df0000 - 0x00007ff865f68000 	C:\Windows\system32\ole32.dll
0x00007ff864760000 - 0x00007ff865b77000 	C:\Windows\system32\SHELL32.dll
0x00007ff8628f0000 - 0x00007ff86290e000 	C:\Windows\SYSTEM32\USERENV.dll
0x00007ff863ad0000 - 0x00007ff863b75000 	C:\Windows\system32\ADVAPI32.dll
0x00007ff8507c0000 - 0x00007ff8507db000 	C:\Windows\SYSTEM32\MPR.dll
0x00007ff8645c0000 - 0x00007ff8646f6000 	C:\Windows\system32\RPCRT4.dll
0x00007ff863d60000 - 0x00007ff863db7000 	C:\Windows\SYSTEM32\sechost.dll
0x00007ff864350000 - 0x00007ff864526000 	C:\Windows\SYSTEM32\combase.dll
0x00007ff863dc0000 - 0x00007ff863f05000 	C:\Windows\system32\GDI32.dll
0x00007ff8632e0000 - 0x00007ff8632f4000 	C:\Windows\SYSTEM32\profapi.dll
0x00007ff861920000 - 0x00007ff8619bf000 	C:\Windows\SYSTEM32\SHCORE.dll
0x00007ff8637f0000 - 0x00007ff863824000 	C:\Windows\system32\IMM32.DLL
0x00007ff863830000 - 0x00007ff863969000 	C:\Windows\system32\MSCTF.dll
0x00007ff8614f0000 - 0x00007ff86174a000 	C:\Windows\WinSxS\amd64_microsoft.windows.common-controls_6595b64144ccf1df_6.0.9600.17031_none_6242a4b3ecbb55a1\COMCTL32.dll
0x0000000065210000 - 0x00000000652e2000 	C:\Program Files\Java\jdk1.7.0_79\jre\bin\msvcr100.dll
0x0000000064a30000 - 0x0000000065205000 	C:\Program Files\Java\jdk1.7.0_79\jre\bin\server\jvm.dll
0x00007ff856d60000 - 0x00007ff856d69000 	C:\Windows\SYSTEM32\WSOCK32.dll
0x00007ff85e760000 - 0x00007ff85e77f000 	C:\Windows\SYSTEM32\WINMM.dll
0x00007ff864290000 - 0x00007ff864297000 	C:\Windows\system32\PSAPI.DLL
0x00007ff864540000 - 0x00007ff864598000 	C:\Windows\system32\WS2_32.dll
0x00007ff85e720000 - 0x00007ff85e74a000 	C:\Windows\SYSTEM32\WINMMBASE.dll
0x00007ff8645a0000 - 0x00007ff8645a9000 	C:\Windows\system32\NSI.dll
0x00007ff863460000 - 0x00007ff8634aa000 	C:\Windows\SYSTEM32\cfgmgr32.dll
0x00007ff862190000 - 0x00007ff8621b6000 	C:\Windows\SYSTEM32\DEVOBJ.dll
0x0000000064a20000 - 0x0000000064a2f000 	C:\Program Files\Java\jdk1.7.0_79\jre\bin\verify.dll
0x00000000649f0000 - 0x0000000064a18000 	C:\Program Files\Java\jdk1.7.0_79\jre\bin\java.dll
0x00000000649b0000 - 0x00000000649e5000 	C:\Program Files\Java\jdk1.7.0_79\jre\bin\jdwp.dll
0x00000000649a0000 - 0x00000000649a8000 	C:\Program Files\Java\jdk1.7.0_79\jre\bin\npt.dll
0x0000000064980000 - 0x0000000064995000 	C:\Program Files\Java\jdk1.7.0_79\jre\bin\zip.dll
0x0000000064970000 - 0x0000000064979000 	C:\Program Files\Java\jdk1.7.0_79\jre\bin\dt_socket.dll
0x00007ff854110000 - 0x00007ff854124000 	C:\Windows\system32\napinsp.dll
0x00007ff854130000 - 0x00007ff854149000 	C:\Windows\system32\pnrpnsp.dll
0x00007ff85d180000 - 0x00007ff85d199000 	C:\Windows\system32\NLAapi.dll
0x00007ff862b40000 - 0x00007ff862b98000 	C:\Windows\System32\mswsock.dll
0x00007ff862950000 - 0x00007ff8629f3000 	C:\Windows\SYSTEM32\DNSAPI.dll
0x00007ff854150000 - 0x00007ff85415c000 	C:\Windows\System32\winrnr.dll
0x00007ff854160000 - 0x00007ff854173000 	C:\Windows\system32\wshbth.dll
0x0000000067b40000 - 0x0000000067b66000 	C:\Program Files\Bonjour\mdnsNSP.dll
0x00007ff85e3a0000 - 0x00007ff85e3c9000 	C:\Windows\SYSTEM32\Iphlpapi.DLL
0x00007ff85e350000 - 0x00007ff85e35a000 	C:\Windows\SYSTEM32\WINNSI.DLL
0x00007ff85bfb0000 - 0x00007ff85c018000 	C:\Windows\System32\fwpuclnt.dll
0x00007ff854510000 - 0x00007ff854519000 	C:\Windows\System32\rasadhlp.dll
0x00000000647d0000 - 0x0000000064965000 	C:\Program Files\Java\jdk1.7.0_79\jre\bin\awt.dll
0x00007ff863970000 - 0x00007ff863a27000 	C:\Windows\system32\OLEAUT32.dll
0x00007ff861750000 - 0x00007ff861770000 	C:\Windows\system32\DWMAPI.DLL
0x00007ff861fd0000 - 0x00007ff8620f1000 	C:\Windows\system32\uxtheme.dll
0x00007ff862180000 - 0x00007ff86218a000 	C:\Windows\SYSTEM32\kernel.appcore.dll
0x00007ff863150000 - 0x00007ff86315a000 	C:\Windows\SYSTEM32\CRYPTBASE.dll
0x00007ff8630f0000 - 0x00007ff863150000 	C:\Windows\SYSTEM32\bcryptPrimitives.dll
0x00000000647b0000 - 0x00000000647ca000 	C:\Program Files\Java\jdk1.7.0_79\jre\bin\net.dll
0x0000000064790000 - 0x00000000647a1000 	C:\Program Files\Java\jdk1.7.0_79\jre\bin\nio.dll
0x0000000064740000 - 0x0000000064787000 	C:\Program Files\Java\jdk1.7.0_79\jre\bin\fontmanager.dll
0x00000000646f0000 - 0x0000000064731000 	C:\Program Files\Java\jdk1.7.0_79\jre\bin\t2k.dll
0x00007ff865b80000 - 0x00007ff865c24000 	C:\Windows\SYSTEM32\clbcatq.dll
0x00007ff8591e0000 - 0x00007ff859373000 	C:\Windows\SYSTEM32\WindowsCodecs.dll
0x00007ff862ba0000 - 0x00007ff862bbe000 	C:\Windows\SYSTEM32\CRYPTSP.dll
0x00007ff8627e0000 - 0x00007ff862815000 	C:\Windows\system32\rsaenh.dll
0x00007ff862dd0000 - 0x00007ff862df6000 	C:\Windows\SYSTEM32\bcrypt.dll
0x00007ff850180000 - 0x00007ff850308000 	C:\Windows\SYSTEM32\dbghelp.dll

VM Arguments:
jvm_args: -agentlib:jdwp=transport=dt_socket,suspend=y,address=localhost:61324 -Dfile.encoding=Cp1252 
java_command: au.edu.rmit.sef.main.Main
Launcher Type: SUN_STANDARD

Environment Variables:
JAVA_HOME=C:\Program Files\Java\jdk1.7.0_79\
PATH=C:\Program Files\Java\jdk1.7.0_79\jre\bin;C:\Program Files (x86)\NVIDIA Corporation\PhysX\Common;C:\Program Files (x86)\Intel\iCLS Client\;C:\Program Files\Intel\iCLS Client\;C:\Windows\system32;C:\Windows;C:\Windows\System32\Wbem;C:\Windows\System32\WindowsPowerShell\v1.0\;C:\Program Files\Hewlett-Packard\SimplePass\;C:\Program Files\Intel\Intel(R) Management Engine Components\DAL;C:\Program Files\Intel\Intel(R) Management Engine Components\IPT;C:\Program Files (x86)\Intel\Intel(R) Management Engine Components\DAL;C:\Program Files (x86)\Intel\Intel(R) Management Engine Components\IPT;C:\Program Files\Intel\WiFi\bin\;C:\Program Files\Common Files\Intel\WirelessCommon\;C:\Program Files\TortoiseSVN\bin;C:\Program Files\Microsoft\Web Platform Installer\;C:\Program Files (x86)\Microsoft ASP.NET\ASP.NET Web Pages\v1.0\;C:\Program Files (x86)\Windows Kits\8.0\Windows Performance Toolkit\;C:\Program Files\Microsoft SQL Server\110\Tools\Binn\;C:\Program Files\Java\jdk1.7.0_79\bin;C:\Grails\grails-2.4.4\grails-2.4.4\bin;C:\Program Files (x86)\Skype\Phone\
USERNAME=Khang
OS=Windows_NT
PROCESSOR_IDENTIFIER=Intel64 Family 6 Model 69 Stepping 1, GenuineIntel



---------------  S Y S T E M  ---------------

OS: Windows 8.1 , 64 bit Build 9600 

CPU:total 4 (2 cores per cpu, 2 threads per core) family 6 model 69 stepping 1, cmov, cx8, fxsr, mmx, sse, sse2, sse3, ssse3, sse4.1, sse4.2, popcnt, avx, avx2, aes, erms, ht, tsc, tscinvbit

Memory: 4k page, physical 8317080k(3972232k free), swap 9627800k(3880428k free)

vm_info: Java HotSpot(TM) 64-Bit Server VM (24.79-b02) for windows-amd64 JRE (1.7.0_79-b15), built on Apr 10 2015 12:36:16 by "java_re" with unknown MS VC++:1600

time: Mon Oct 12 22:39:03 2015
elapsed time: 432 seconds

